<?xml version="1.0" encoding="UTF-8"?>
<!-- Generated by org.testng.reporters.JUnitXMLReporter -->
<testsuite ignored="3" hostname="Karthiks-MacBook-Pro.local" failures="0" tests="1" name="Default test" time="22.535" errors="0" timestamp="2022-03-15T13:16:32 GMT">
  <testcase classname="com.ap.tests.LoginTest" name="verifyInvalidLogin" time="6.969"/>
  <testcase classname="com.ap.tests.LoginTest" name="verifyEmptyLogin" time="0.0">
    <ignored/>
  </testcase> <!-- verifyEmptyLogin -->
  <testcase classname="com.ap.tests.LoginTest" name="verifyForgotPasswordPageNavigation" time="0.0">
    <ignored/>
  </testcase> <!-- verifyForgotPasswordPageNavigation -->
  <testcase classname="com.ap.tests.LoginTest" name="verifyValidLogin" time="0.0">
    <ignored/>
  </testcase> <!-- verifyValidLogin -->
</testsuite> <!-- Default test -->
