<?xml version="1.0" encoding="UTF-8"?>
<!-- Generated by org.testng.reporters.JUnitXMLReporter -->
<testsuite ignored="0" hostname="Karthiks-MacBook-Pro.local" failures="0" tests="4" name="Default test" time="55.232" errors="0" timestamp="2022-03-11T13:35:33 GMT">
  <testcase classname="com.ap.tests.LoginTest" name="verifyValidLogin" time="6.345"/>
  <testcase classname="com.ap.tests.LoginTest" name="verifyInvalidLogin" time="6.346"/>
  <testcase classname="com.ap.tests.LoginTest" name="verifyEmptyLogin" time="6.873"/>
  <testcase classname="com.ap.tests.LoginTest" name="verifyForgotPasswordPageNavigation" time="2.78"/>
</testsuite> <!-- Default test -->
