<?xml version="1.0" encoding="UTF-8"?>
<!-- Generated by org.testng.reporters.JUnitXMLReporter -->
<testsuite ignored="3" hostname="Karthiks-MacBook-Pro.local" failures="0" tests="1" name="Default test(failed)" time="16.132" errors="0" timestamp="2022-03-05T16:55:42 GMT">
  <testcase classname="com.ap.tests.LoginTest" name="verifyEmptyLogin" time="6.122"/>
  <testcase classname="com.ap.tests.LoginTest" name="verifyInvalidLogin" time="0.0">
    <ignored/>
  </testcase> <!-- verifyInvalidLogin -->
  <testcase classname="com.ap.tests.LoginTest" name="verifyForgotPasswordPageNavigation" time="0.0">
    <ignored/>
  </testcase> <!-- verifyForgotPasswordPageNavigation -->
  <testcase classname="com.ap.tests.LoginTest" name="verifyValidLogin" time="0.0">
    <ignored/>
  </testcase> <!-- verifyValidLogin -->
</testsuite> <!-- Default test(failed) -->
