<?xml version="1.0" encoding="UTF-8"?>
<!-- Generated by org.testng.reporters.JUnitXMLReporter -->
<testsuite ignored="0" hostname="Karthiks-MacBook-Pro.local" failures="0" tests="4" name="Login Test" time="36.898" errors="0" timestamp="2022-03-05T16:14:50 GMT">
  <testcase classname="com.ap.tests.LoginTest" name="verifyValidLogin" time="4.34"/>
  <testcase classname="com.ap.tests.LoginTest" name="verifyInvalidLogin" time="6.451"/>
  <testcase classname="com.ap.tests.LoginTest" name="verifyEmptyLogin" time="6.043"/>
  <testcase classname="com.ap.tests.LoginTest" name="verifyForgotPasswordPageNavigation" time="1.006"/>
</testsuite> <!-- Login Test -->
