<?xml version="1.0" encoding="UTF-8"?>
<testng-results ignored="0" total="4" passed="4" failed="0" skipped="0">
  <reporter-output>
  </reporter-output>
  <suite started-at="2022-03-05T16:14:13 GMT" name="Smoke Suite" finished-at="2022-03-05T16:14:50 GMT" duration-ms="36898">
    <groups>
    </groups>
    <test started-at="2022-03-05T16:14:13 GMT" name="Login Test" finished-at="2022-03-05T16:14:50 GMT" duration-ms="36898">
      <class name="com.ap.tests.LoginTest">
        <test-method is-config="true" signature="init()[pri:0, instance:com.ap.tests.LoginTest@247bddad]" started-at="2022-03-05T16:14:13 GMT" name="init" finished-at="2022-03-05T16:14:13 GMT" duration-ms="9" status="PASS">
          <reporter-output>
          </reporter-output>
        </test-method> <!-- init -->
        <test-method is-config="true" signature="launchBrowser()[pri:0, instance:com.ap.tests.LoginTest@247bddad]" started-at="2022-03-05T16:14:13 GMT" name="launchBrowser" finished-at="2022-03-05T16:14:19 GMT" duration-ms="6129" status="PASS">
          <reporter-output>
          </reporter-output>
        </test-method> <!-- launchBrowser -->
        <test-method is-config="true" signature="initPages()[pri:0, instance:com.ap.tests.LoginTest@247bddad]" started-at="2022-03-05T16:14:19 GMT" name="initPages" finished-at="2022-03-05T16:14:22 GMT" duration-ms="2857" status="PASS">
          <reporter-output>
          </reporter-output>
        </test-method> <!-- initPages -->
        <test-method signature="verifyValidLogin()[pri:0, instance:com.ap.tests.LoginTest@247bddad]" started-at="2022-03-05T16:14:22 GMT" name="verifyValidLogin" finished-at="2022-03-05T16:14:26 GMT" duration-ms="4340" status="PASS">
          <reporter-output>
          </reporter-output>
        </test-method> <!-- verifyValidLogin -->
        <test-method is-config="true" signature="initPages()[pri:0, instance:com.ap.tests.LoginTest@247bddad]" started-at="2022-03-05T16:14:26 GMT" name="initPages" finished-at="2022-03-05T16:14:30 GMT" duration-ms="3616" status="PASS">
          <reporter-output>
          </reporter-output>
        </test-method> <!-- initPages -->
        <test-method signature="verifyInvalidLogin()[pri:1, instance:com.ap.tests.LoginTest@247bddad]" started-at="2022-03-05T16:14:30 GMT" name="verifyInvalidLogin" finished-at="2022-03-05T16:14:36 GMT" duration-ms="6451" status="PASS">
          <reporter-output>
          </reporter-output>
        </test-method> <!-- verifyInvalidLogin -->
        <test-method is-config="true" signature="initPages()[pri:0, instance:com.ap.tests.LoginTest@247bddad]" started-at="2022-03-05T16:14:36 GMT" name="initPages" finished-at="2022-03-05T16:14:40 GMT" duration-ms="3666" status="PASS">
          <reporter-output>
          </reporter-output>
        </test-method> <!-- initPages -->
        <test-method signature="verifyEmptyLogin()[pri:2, instance:com.ap.tests.LoginTest@247bddad]" started-at="2022-03-05T16:14:40 GMT" name="verifyEmptyLogin" finished-at="2022-03-05T16:14:46 GMT" duration-ms="6043" status="PASS">
          <reporter-output>
          </reporter-output>
        </test-method> <!-- verifyEmptyLogin -->
        <test-method is-config="true" signature="initPages()[pri:0, instance:com.ap.tests.LoginTest@247bddad]" started-at="2022-03-05T16:14:46 GMT" name="initPages" finished-at="2022-03-05T16:14:49 GMT" duration-ms="2632" status="PASS">
          <reporter-output>
          </reporter-output>
        </test-method> <!-- initPages -->
        <test-method signature="verifyForgotPasswordPageNavigation()[pri:3, instance:com.ap.tests.LoginTest@247bddad]" started-at="2022-03-05T16:14:49 GMT" name="verifyForgotPasswordPageNavigation" finished-at="2022-03-05T16:14:50 GMT" duration-ms="1006" status="PASS">
          <reporter-output>
          </reporter-output>
        </test-method> <!-- verifyForgotPasswordPageNavigation -->
        <test-method is-config="true" signature="quit()[pri:0, instance:com.ap.tests.LoginTest@247bddad]" started-at="2022-03-05T16:14:50 GMT" name="quit" finished-at="2022-03-05T16:14:50 GMT" duration-ms="128" status="PASS">
          <reporter-output>
          </reporter-output>
        </test-method> <!-- quit -->
      </class> <!-- com.ap.tests.LoginTest -->
    </test> <!-- Login Test -->
  </suite> <!-- Smoke Suite -->
</testng-results>
