<?xml version="1.0" encoding="UTF-8"?>
<testsuite xmlns:xsi="http://www.w3.org/2001/XMLSchema-instance" xsi:noNamespaceSchemaLocation="https://maven.apache.org/surefire/maven-surefire-plugin/xsd/surefire-test-report.xsd" name="TestSuite" time="37.34" tests="4" errors="0" skipped="0" failures="0">
  <properties>
[...]
</properties>
  <testcase name="verifyValidLogin" classname="com.ap.tests.LoginTest" time="4.342"/>
  <testcase name="verifyInvalidLogin" classname="com.ap.tests.LoginTest" time="6.457"/>
  <testcase name="verifyEmptyLogin" classname="com.ap.tests.LoginTest" time="6.046"/>
  <testcase name="verifyForgotPasswordPageNavigation" classname="com.ap.tests.LoginTest" time="1.006"/>
</testsuite>