<?xml version="1.0" encoding="UTF-8"?>
<testng-results ignored="3" total="4" passed="1" failed="0" skipped="0">
  <reporter-output>
  </reporter-output>
  <suite started-at="2022-03-05T16:55:26 GMT" name="Failed suite [Default suite]" finished-at="2022-03-05T16:55:42 GMT" duration-ms="16132">
    <groups>
    </groups>
    <test started-at="2022-03-05T16:55:26 GMT" name="Default test(failed)" finished-at="2022-03-05T16:55:42 GMT" duration-ms="16132">
      <class name="com.ap.tests.LoginTest">
        <test-method is-config="true" signature="init()[pri:0, instance:com.ap.tests.LoginTest@67c33749]" started-at="2022-03-05T16:55:26 GMT" name="init" finished-at="2022-03-05T16:55:26 GMT" duration-ms="10" status="PASS">
          <reporter-output>
          </reporter-output>
        </test-method> <!-- init -->
        <test-method is-config="true" signature="launchBrowser()[pri:0, instance:com.ap.tests.LoginTest@67c33749]" started-at="2022-03-05T16:55:26 GMT" name="launchBrowser" finished-at="2022-03-05T16:55:32 GMT" duration-ms="6400" status="PASS">
          <reporter-output>
          </reporter-output>
        </test-method> <!-- launchBrowser -->
        <test-method is-config="true" signature="initPages()[pri:0, instance:com.ap.tests.LoginTest@67c33749]" started-at="2022-03-05T16:55:32 GMT" name="initPages" finished-at="2022-03-05T16:55:36 GMT" duration-ms="3427" status="PASS">
          <reporter-output>
          </reporter-output>
        </test-method> <!-- initPages -->
        <test-method signature="verifyEmptyLogin()[pri:2, instance:com.ap.tests.LoginTest@67c33749]" started-at="2022-03-05T16:55:36 GMT" name="verifyEmptyLogin" finished-at="2022-03-05T16:55:42 GMT" duration-ms="6122" status="PASS">
          <reporter-output>
          </reporter-output>
        </test-method> <!-- verifyEmptyLogin -->
        <test-method is-config="true" signature="afterMethod(org.testng.ITestResult)[pri:0, instance:com.ap.tests.LoginTest@67c33749]" started-at="2022-03-05T16:55:42 GMT" name="afterMethod" finished-at="2022-03-05T16:55:42 GMT" duration-ms="2" status="PASS">
          <params>
            <param index="0">
              <value>
                <![CDATA[[TestResult name=verifyEmptyLogin status=SUCCESS method=LoginTest.verifyEmptyLogin()[pri:2, instance:com.ap.tests.LoginTest@67c33749] output={null}]]]>
              </value>
            </param>
          </params>
          <reporter-output>
          </reporter-output>
        </test-method> <!-- afterMethod -->
        <test-method is-config="true" signature="quit()[pri:0, instance:com.ap.tests.LoginTest@67c33749]" started-at="2022-03-05T16:55:42 GMT" name="quit" finished-at="2022-03-05T16:55:42 GMT" duration-ms="140" status="PASS">
          <reporter-output>
          </reporter-output>
        </test-method> <!-- quit -->
      </class> <!-- com.ap.tests.LoginTest -->
    </test> <!-- Default test(failed) -->
  </suite> <!-- Failed suite [Default suite] -->
</testng-results>
