<?xml version="1.0" encoding="UTF-8"?>
<testng-results ignored="0" total="4" passed="4" failed="0" skipped="0">
  <reporter-output>
  </reporter-output>
  <suite started-at="2022-03-11T13:34:38 GMT" name="Default suite" finished-at="2022-03-11T13:35:33 GMT" duration-ms="55232">
    <groups>
    </groups>
    <test started-at="2022-03-11T13:34:38 GMT" name="Default test" finished-at="2022-03-11T13:35:33 GMT" duration-ms="55232">
      <class name="com.ap.tests.LoginTest">
        <test-method is-config="true" signature="init()[pri:0, instance:com.ap.tests.LoginTest@383bfa16]" started-at="2022-03-11T13:34:38 GMT" name="init" finished-at="2022-03-11T13:34:38 GMT" duration-ms="215" status="PASS">
          <reporter-output>
          </reporter-output>
        </test-method> <!-- init -->
        <test-method is-config="true" signature="launchBrowser()[pri:0, instance:com.ap.tests.LoginTest@383bfa16]" started-at="2022-03-11T13:34:38 GMT" name="launchBrowser" finished-at="2022-03-11T13:34:46 GMT" duration-ms="8379" status="PASS">
          <reporter-output>
          </reporter-output>
        </test-method> <!-- launchBrowser -->
        <test-method is-config="true" signature="initPages(org.testng.ITestResult)[pri:0, instance:com.ap.tests.LoginTest@383bfa16]" started-at="2022-03-11T13:34:46 GMT" name="initPages" finished-at="2022-03-11T13:34:51 GMT" duration-ms="5058" status="PASS">
          <params>
            <param index="0">
              <value>
                <![CDATA[[TestResult name={null} status=CREATED method=LoginTest.verifyValidLogin()[pri:0, instance:com.ap.tests.LoginTest@383bfa16] output={null}]]]>
              </value>
            </param>
          </params>
          <reporter-output>
          </reporter-output>
        </test-method> <!-- initPages -->
        <test-method signature="verifyValidLogin()[pri:0, instance:com.ap.tests.LoginTest@383bfa16]" started-at="2022-03-11T13:34:51 GMT" name="verifyValidLogin" finished-at="2022-03-11T13:34:58 GMT" duration-ms="6345" status="PASS">
          <reporter-output>
          </reporter-output>
        </test-method> <!-- verifyValidLogin -->
        <test-method is-config="true" signature="afterMethod(org.testng.ITestResult)[pri:0, instance:com.ap.tests.LoginTest@383bfa16]" started-at="2022-03-11T13:34:58 GMT" name="afterMethod" finished-at="2022-03-11T13:34:58 GMT" duration-ms="1" status="PASS">
          <params>
            <param index="0">
              <value>
                <![CDATA[[TestResult name=verifyValidLogin status=SUCCESS method=LoginTest.verifyValidLogin()[pri:0, instance:com.ap.tests.LoginTest@383bfa16] output={null}]]]>
              </value>
            </param>
          </params>
          <reporter-output>
          </reporter-output>
        </test-method> <!-- afterMethod -->
        <test-method is-config="true" signature="initPages(org.testng.ITestResult)[pri:0, instance:com.ap.tests.LoginTest@383bfa16]" started-at="2022-03-11T13:34:58 GMT" name="initPages" finished-at="2022-03-11T13:35:03 GMT" duration-ms="5596" status="PASS">
          <params>
            <param index="0">
              <value>
                <![CDATA[[TestResult name={null} status=CREATED method=LoginTest.verifyInvalidLogin()[pri:1, instance:com.ap.tests.LoginTest@383bfa16] output={null}]]]>
              </value>
            </param>
          </params>
          <reporter-output>
          </reporter-output>
        </test-method> <!-- initPages -->
        <test-method signature="verifyInvalidLogin()[pri:1, instance:com.ap.tests.LoginTest@383bfa16]" started-at="2022-03-11T13:35:03 GMT" name="verifyInvalidLogin" finished-at="2022-03-11T13:35:10 GMT" duration-ms="6346" status="PASS">
          <reporter-output>
          </reporter-output>
        </test-method> <!-- verifyInvalidLogin -->
        <test-method is-config="true" signature="afterMethod(org.testng.ITestResult)[pri:0, instance:com.ap.tests.LoginTest@383bfa16]" started-at="2022-03-11T13:35:10 GMT" name="afterMethod" finished-at="2022-03-11T13:35:10 GMT" duration-ms="1" status="PASS">
          <params>
            <param index="0">
              <value>
                <![CDATA[[TestResult name=verifyInvalidLogin status=SUCCESS method=LoginTest.verifyInvalidLogin()[pri:1, instance:com.ap.tests.LoginTest@383bfa16] output={null}]]]>
              </value>
            </param>
          </params>
          <reporter-output>
          </reporter-output>
        </test-method> <!-- afterMethod -->
        <test-method is-config="true" signature="initPages(org.testng.ITestResult)[pri:0, instance:com.ap.tests.LoginTest@383bfa16]" started-at="2022-03-11T13:35:10 GMT" name="initPages" finished-at="2022-03-11T13:35:19 GMT" duration-ms="9844" status="PASS">
          <params>
            <param index="0">
              <value>
                <![CDATA[[TestResult name={null} status=CREATED method=LoginTest.verifyEmptyLogin()[pri:2, instance:com.ap.tests.LoginTest@383bfa16] output={null}]]]>
              </value>
            </param>
          </params>
          <reporter-output>
          </reporter-output>
        </test-method> <!-- initPages -->
        <test-method signature="verifyEmptyLogin()[pri:2, instance:com.ap.tests.LoginTest@383bfa16]" started-at="2022-03-11T13:35:19 GMT" name="verifyEmptyLogin" finished-at="2022-03-11T13:35:26 GMT" duration-ms="6873" status="PASS">
          <reporter-output>
          </reporter-output>
        </test-method> <!-- verifyEmptyLogin -->
        <test-method is-config="true" signature="afterMethod(org.testng.ITestResult)[pri:0, instance:com.ap.tests.LoginTest@383bfa16]" started-at="2022-03-11T13:35:26 GMT" name="afterMethod" finished-at="2022-03-11T13:35:26 GMT" duration-ms="1" status="PASS">
          <params>
            <param index="0">
              <value>
                <![CDATA[[TestResult name=verifyEmptyLogin status=SUCCESS method=LoginTest.verifyEmptyLogin()[pri:2, instance:com.ap.tests.LoginTest@383bfa16] output={null}]]]>
              </value>
            </param>
          </params>
          <reporter-output>
          </reporter-output>
        </test-method> <!-- afterMethod -->
        <test-method is-config="true" signature="initPages(org.testng.ITestResult)[pri:0, instance:com.ap.tests.LoginTest@383bfa16]" started-at="2022-03-11T13:35:26 GMT" name="initPages" finished-at="2022-03-11T13:35:30 GMT" duration-ms="3538" status="PASS">
          <params>
            <param index="0">
              <value>
                <![CDATA[[TestResult name={null} status=CREATED method=LoginTest.verifyForgotPasswordPageNavigation()[pri:3, instance:com.ap.tests.LoginTest@383bfa16] output={null}]]]>
              </value>
            </param>
          </params>
          <reporter-output>
          </reporter-output>
        </test-method> <!-- initPages -->
        <test-method signature="verifyForgotPasswordPageNavigation()[pri:3, instance:com.ap.tests.LoginTest@383bfa16]" started-at="2022-03-11T13:35:30 GMT" name="verifyForgotPasswordPageNavigation" finished-at="2022-03-11T13:35:33 GMT" duration-ms="2780" status="PASS">
          <reporter-output>
          </reporter-output>
        </test-method> <!-- verifyForgotPasswordPageNavigation -->
        <test-method is-config="true" signature="afterMethod(org.testng.ITestResult)[pri:0, instance:com.ap.tests.LoginTest@383bfa16]" started-at="2022-03-11T13:35:33 GMT" name="afterMethod" finished-at="2022-03-11T13:35:33 GMT" duration-ms="0" status="PASS">
          <params>
            <param index="0">
              <value>
                <![CDATA[[TestResult name=verifyForgotPasswordPageNavigation status=SUCCESS method=LoginTest.verifyForgotPasswordPageNavigation()[pri:3, instance:com.ap.tests.LoginTest@383bfa16] output={null}]]]>
              </value>
            </param>
          </params>
          <reporter-output>
          </reporter-output>
        </test-method> <!-- afterMethod -->
        <test-method is-config="true" signature="quit()[pri:0, instance:com.ap.tests.LoginTest@383bfa16]" started-at="2022-03-11T13:35:33 GMT" name="quit" finished-at="2022-03-11T13:35:33 GMT" duration-ms="412" status="PASS">
          <reporter-output>
          </reporter-output>
        </test-method> <!-- quit -->
      </class> <!-- com.ap.tests.LoginTest -->
    </test> <!-- Default test -->
  </suite> <!-- Default suite -->
</testng-results>
